TRY TO PRESS: S 
SUCCESFULLY PRESSED: S 
TRY TO PRESS: U 
SUCCESFULLY PRESSED: U 
TRY TO PRESS: K 
SUCCESFULLY PRESSED: K 
TRY TO PRESS: A 
SUCCESFULLY PRESSED: A 
TRY TO PRESS: ENTER 
SUCCESFULLY PRESSED: ENTER 
TRY TO RELEASE: S 
SUCCESFULLY RELEASED: S 
================================== 
TRY TO RELEASE: U 
SUCCESFULLY RELEASED: U 
================================== 
TRY TO RELEASE: K 
SUCCESFULLY RELEASED: K 
================================== 
TRY TO RELEASE: A 
SUCCESFULLY RELEASED: A 
================================== 
TRY TO RELEASE: ENTER 
SUCCESFULLY RELEASED: ENTER 
================================== 
TRY TO PRESS: S 
SUCCESFULLY PRESSED: S 
TRY TO PRESS: U 
SUCCESFULLY PRESSED: U 
TRY TO PRESS: K 
SUCCESFULLY PRESSED: K 
TRY TO PRESS: A 
SUCCESFULLY PRESSED: A 
TRY TO PRESS: ENTER 
SUCCESFULLY PRESSED: ENTER 
TRY TO RELEASE: S 
SUCCESFULLY RELEASED: S 
================================== 
TRY TO RELEASE: U 
SUCCESFULLY RELEASED: U 
================================== 
TRY TO RELEASE: K 
SUCCESFULLY RELEASED: K 
================================== 
TRY TO RELEASE: A 
SUCCESFULLY RELEASED: A 
================================== 
TRY TO RELEASE: ENTER 
SUCCESFULLY RELEASED: ENTER 
================================== 
TRY TO PRESS: O 
SUCCESFULLY PRESSED: O 
TRY TO PRESS: C 
SUCCESFULLY PRESSED: C 
TRY TO PRESS: H 
SUCCESFULLY PRESSED: H 
TRY TO PRESS: K 
SUCCESFULLY PRESSED: K 
TRY TO PRESS: O 
SUCCESFULLY PRESSED: O 
TRY TO PRESS: ENTER 
SUCCESFULLY PRESSED: ENTER 
TRY TO RELEASE: O 
SUCCESFULLY RELEASED: O 
================================== 
TRY TO RELEASE: C 
SUCCESFULLY RELEASED: C 
================================== 
TRY TO RELEASE: H 
SUCCESFULLY RELEASED: H 
================================== 
TRY TO RELEASE: K 
SUCCESFULLY RELEASED: K 
================================== 
TRY TO RELEASE: O 
SUCCESFULLY RELEASED: O 
================================== 
TRY TO RELEASE: ENTER 
SUCCESFULLY RELEASED: ENTER 
================================== 
TRY TO PRESS: S 
SUCCESFULLY PRESSED: S 
TRY TO PRESS: U 
SUCCESFULLY PRESSED: U 
TRY TO PRESS: K 
SUCCESFULLY PRESSED: K 
TRY TO PRESS: A 
SUCCESFULLY PRESSED: A 
TRY TO PRESS: ENTER 
SUCCESFULLY PRESSED: ENTER 
TRY TO RELEASE: S 
SUCCESFULLY RELEASED: S 
================================== 
TRY TO RELEASE: U 
SUCCESFULLY RELEASED: U 
================================== 
TRY TO RELEASE: K 
SUCCESFULLY RELEASED: K 
================================== 
TRY TO RELEASE: A 
SUCCESFULLY RELEASED: A 
================================== 
TRY TO RELEASE: ENTER 
SUCCESFULLY RELEASED: ENTER 
================================== 
TRY TO PRESS: J 
SUCCESFULLY PRESSED: J 
TRY TO PRESS: O 
SUCCESFULLY PRESSED: O 
TRY TO PRESS: P 
SUCCESFULLY PRESSED: P 
TRY TO PRESS: A 
SUCCESFULLY PRESSED: A 
TRY TO PRESS: ENTER 
SUCCESFULLY PRESSED: ENTER 
TRY TO RELEASE: J 
SUCCESFULLY RELEASED: J 
================================== 
TRY TO RELEASE: O 
SUCCESFULLY RELEASED: O 
================================== 
TRY TO RELEASE: P 
SUCCESFULLY RELEASED: P 
================================== 
TRY TO RELEASE: A 
SUCCESFULLY RELEASED: A 
================================== 
TRY TO RELEASE: ENTER 
SUCCESFULLY RELEASED: ENTER 
================================== 
TRY TO PRESS: S 
SUCCESFULLY PRESSED: S 
TRY TO PRESS: U 
SUCCESFULLY PRESSED: U 
TRY TO PRESS: K 
SUCCESFULLY PRESSED: K 
TRY TO PRESS: A 
SUCCESFULLY PRESSED: A 
TRY TO PRESS: ENTER 
SUCCESFULLY PRESSED: ENTER 
TRY TO RELEASE: S 
SUCCESFULLY RELEASED: S 
================================== 
TRY TO RELEASE: U 
SUCCESFULLY RELEASED: U 
================================== 
TRY TO RELEASE: K 
SUCCESFULLY RELEASED: K 
================================== 
TRY TO RELEASE: A 
SUCCESFULLY RELEASED: A 
================================== 
TRY TO RELEASE: ENTER 
SUCCESFULLY RELEASED: ENTER 
================================== 
TRY TO PRESS: S 
SUCCESFULLY PRESSED: S 
TRY TO PRESS: U 
SUCCESFULLY PRESSED: U 
TRY TO PRESS: K 
SUCCESFULLY PRESSED: K 
TRY TO PRESS: A 
SUCCESFULLY PRESSED: A 
TRY TO PRESS: ENTER 
SUCCESFULLY PRESSED: ENTER 
TRY TO RELEASE: S 
SUCCESFULLY RELEASED: S 
================================== 
TRY TO RELEASE: U 
SUCCESFULLY RELEASED: U 
================================== 
TRY TO RELEASE: K 
SUCCESFULLY RELEASED: K 
================================== 
TRY TO RELEASE: A 
SUCCESFULLY RELEASED: A 
================================== 
TRY TO RELEASE: ENTER 
SUCCESFULLY RELEASED: ENTER 
================================== 
TRY TO PRESS: S 
SUCCESFULLY PRESSED: S 
TRY TO PRESS: U 
SUCCESFULLY PRESSED: U 
TRY TO PRESS: K 
SUCCESFULLY PRESSED: K 
TRY TO PRESS: A 
SUCCESFULLY PRESSED: A 
TRY TO PRESS: ENTER 
SUCCESFULLY PRESSED: ENTER 
TRY TO RELEASE: S 
SUCCESFULLY RELEASED: S 
================================== 
TRY TO RELEASE: U 
SUCCESFULLY RELEASED: U 
================================== 
TRY TO RELEASE: K 
SUCCESFULLY RELEASED: K 
================================== 
TRY TO RELEASE: A 
SUCCESFULLY RELEASED: A 
================================== 
TRY TO RELEASE: ENTER 
SUCCESFULLY RELEASED: ENTER 
================================== 
TRY TO PRESS: J 
SUCCESFULLY PRESSED: J 
TRY TO PRESS: O 
SUCCESFULLY PRESSED: O 
TRY TO PRESS: P 
SUCCESFULLY PRESSED: P 
TRY TO PRESS: A 
SUCCESFULLY PRESSED: A 
TRY TO PRESS: ENTER 
SUCCESFULLY PRESSED: ENTER 
TRY TO RELEASE: J 
SUCCESFULLY RELEASED: J 
================================== 
TRY TO RELEASE: O 
SUCCESFULLY RELEASED: O 
================================== 
TRY TO RELEASE: P 
SUCCESFULLY RELEASED: P 
================================== 
TRY TO RELEASE: A 
SUCCESFULLY RELEASED: A 
================================== 
TRY TO RELEASE: ENTER 
SUCCESFULLY RELEASED: ENTER 
================================== 
TRY TO PRESS: K 
SUCCESFULLY PRESSED: K 
TRY TO PRESS: A 
SUCCESFULLY PRESSED: A 
TRY TO PRESS: L 
SUCCESFULLY PRESSED: L 
TRY TO PRESS: ENTER 
SUCCESFULLY PRESSED: ENTER 
TRY TO RELEASE: K 
SUCCESFULLY RELEASED: K 
================================== 
TRY TO RELEASE: A 
SUCCESFULLY RELEASED: A 
================================== 
TRY TO RELEASE: L 
SUCCESFULLY RELEASED: L 
================================== 
TRY TO RELEASE: ENTER 
SUCCESFULLY RELEASED: ENTER 
================================== 
TRY TO PRESS: K 
SUCCESFULLY PRESSED: K 
TRY TO PRESS: A 
SUCCESFULLY PRESSED: A 
TRY TO PRESS: L 
SUCCESFULLY PRESSED: L 
TRY TO PRESS: ENTER 
SUCCESFULLY PRESSED: ENTER 
TRY TO RELEASE: K 
SUCCESFULLY RELEASED: K 
================================== 
TRY TO RELEASE: A 
SUCCESFULLY RELEASED: A 
================================== 
TRY TO RELEASE: L 
SUCCESFULLY RELEASED: L 
================================== 
TRY TO RELEASE: ENTER 
SUCCESFULLY RELEASED: ENTER 
================================== 
TRY TO PRESS: J 
SUCCESFULLY PRESSED: J 
TRY TO PRESS: O 
SUCCESFULLY PRESSED: O 
TRY TO PRESS: P 
SUCCESFULLY PRESSED: P 
TRY TO PRESS: A 
SUCCESFULLY PRESSED: A 
TRY TO PRESS: ENTER 
SUCCESFULLY PRESSED: ENTER 
TRY TO RELEASE: J 
SUCCESFULLY RELEASED: J 
================================== 
TRY TO RELEASE: O 
SUCCESFULLY RELEASED: O 
================================== 
TRY TO RELEASE: P 
SUCCESFULLY RELEASED: P 
================================== 
TRY TO RELEASE: A 
SUCCESFULLY RELEASED: A 
================================== 
TRY TO RELEASE: ENTER 
SUCCESFULLY RELEASED: ENTER 
================================== 
TRY TO PRESS: S 
SUCCESFULLY PRESSED: S 
TRY TO PRESS: U 
SUCCESFULLY PRESSED: U 
TRY TO PRESS: K 
SUCCESFULLY PRESSED: K 
TRY TO PRESS: A 
SUCCESFULLY PRESSED: A 
TRY TO PRESS: ENTER 
SUCCESFULLY PRESSED: ENTER 
TRY TO RELEASE: S 
SUCCESFULLY RELEASED: S 
================================== 
TRY TO RELEASE: U 
SUCCESFULLY RELEASED: U 
================================== 
TRY TO RELEASE: K 
SUCCESFULLY RELEASED: K 
================================== 
TRY TO RELEASE: A 
SUCCESFULLY RELEASED: A 
================================== 
TRY TO RELEASE: ENTER 
SUCCESFULLY RELEASED: ENTER 
================================== 
TRY TO PRESS: S 
SUCCESFULLY PRESSED: S 
TRY TO PRESS: U 
SUCCESFULLY PRESSED: U 
TRY TO PRESS: K 
SUCCESFULLY PRESSED: K 
TRY TO PRESS: A 
SUCCESFULLY PRESSED: A 
TRY TO PRESS: ENTER 
SUCCESFULLY PRESSED: ENTER 
TRY TO RELEASE: S 
SUCCESFULLY RELEASED: S 
================================== 
TRY TO RELEASE: U 
SUCCESFULLY RELEASED: U 
================================== 
TRY TO RELEASE: K 
SUCCESFULLY RELEASED: K 
================================== 
TRY TO RELEASE: A 
SUCCESFULLY RELEASED: A 
================================== 
TRY TO RELEASE: ENTER 
SUCCESFULLY RELEASED: ENTER 
================================== 
TRY TO PRESS: S 
SUCCESFULLY PRESSED: S 
TRY TO PRESS: U 
SUCCESFULLY PRESSED: U 
TRY TO PRESS: K 
SUCCESFULLY PRESSED: K 
TRY TO PRESS: A 
SUCCESFULLY PRESSED: A 
TRY TO PRESS: ENTER 
SUCCESFULLY PRESSED: ENTER 
TRY TO RELEASE: S 
SUCCESFULLY RELEASED: S 
================================== 
TRY TO RELEASE: U 
SUCCESFULLY RELEASED: U 
================================== 
TRY TO RELEASE: K 
SUCCESFULLY RELEASED: K 
================================== 
TRY TO RELEASE: A 
SUCCESFULLY RELEASED: A 
================================== 
TRY TO RELEASE: ENTER 
SUCCESFULLY RELEASED: ENTER 
================================== 
TRY TO PRESS: J 
SUCCESFULLY PRESSED: J 
TRY TO PRESS: O 
SUCCESFULLY PRESSED: O 
TRY TO PRESS: P 
SUCCESFULLY PRESSED: P 
TRY TO PRESS: A 
SUCCESFULLY PRESSED: A 
TRY TO PRESS: ENTER 
SUCCESFULLY PRESSED: ENTER 
TRY TO RELEASE: J 
SUCCESFULLY RELEASED: J 
================================== 
TRY TO RELEASE: O 
SUCCESFULLY RELEASED: O 
================================== 
TRY TO RELEASE: P 
SUCCESFULLY RELEASED: P 
================================== 
TRY TO RELEASE: A 
SUCCESFULLY RELEASED: A 
================================== 
TRY TO RELEASE: ENTER 
SUCCESFULLY RELEASED: ENTER 
================================== 
TRY TO PRESS: O 
SUCCESFULLY PRESSED: O 
TRY TO PRESS: C 
SUCCESFULLY PRESSED: C 
TRY TO PRESS: H 
SUCCESFULLY PRESSED: H 
TRY TO PRESS: K 
SUCCESFULLY PRESSED: K 
TRY TO PRESS: O 
SUCCESFULLY PRESSED: O 
TRY TO PRESS: ENTER 
SUCCESFULLY PRESSED: ENTER 
TRY TO RELEASE: O 
SUCCESFULLY RELEASED: O 
================================== 
TRY TO RELEASE: C 
SUCCESFULLY RELEASED: C 
================================== 
TRY TO RELEASE: H 
SUCCESFULLY RELEASED: H 
================================== 
TRY TO RELEASE: K 
SUCCESFULLY RELEASED: K 
================================== 
TRY TO RELEASE: O 
SUCCESFULLY RELEASED: O 
================================== 
TRY TO RELEASE: ENTER 
SUCCESFULLY RELEASED: ENTER 
================================== 
TRY TO PRESS: K 
SUCCESFULLY PRESSED: K 
TRY TO PRESS: A 
SUCCESFULLY PRESSED: A 
TRY TO PRESS: L 
SUCCESFULLY PRESSED: L 
TRY TO PRESS: ENTER 
SUCCESFULLY PRESSED: ENTER 
TRY TO RELEASE: K 
SUCCESFULLY RELEASED: K 
================================== 
TRY TO RELEASE: A 
SUCCESFULLY RELEASED: A 
================================== 
TRY TO RELEASE: L 
SUCCESFULLY RELEASED: L 
================================== 
TRY TO RELEASE: ENTER 
SUCCESFULLY RELEASED: ENTER 
================================== 
TRY TO PRESS: J 
SUCCESFULLY PRESSED: J 
TRY TO PRESS: O 
SUCCESFULLY PRESSED: O 
TRY TO PRESS: P 
SUCCESFULLY PRESSED: P 
TRY TO PRESS: A 
SUCCESFULLY PRESSED: A 
TRY TO PRESS: ENTER 
SUCCESFULLY PRESSED: ENTER 
TRY TO RELEASE: J 
SUCCESFULLY RELEASED: J 
================================== 
TRY TO RELEASE: O 
SUCCESFULLY RELEASED: O 
================================== 
TRY TO RELEASE: P 
SUCCESFULLY RELEASED: P 
================================== 
TRY TO RELEASE: A 
SUCCESFULLY RELEASED: A 
================================== 
TRY TO RELEASE: ENTER 
SUCCESFULLY RELEASED: ENTER 
================================== 
TRY TO PRESS: K 
SUCCESFULLY PRESSED: K 
TRY TO PRESS: A 
SUCCESFULLY PRESSED: A 
TRY TO PRESS: L 
SUCCESFULLY PRESSED: L 
TRY TO PRESS: ENTER 
SUCCESFULLY PRESSED: ENTER 
TRY TO RELEASE: K 
SUCCESFULLY RELEASED: K 
================================== 
TRY TO RELEASE: A 
SUCCESFULLY RELEASED: A 
================================== 
TRY TO RELEASE: L 
SUCCESFULLY RELEASED: L 
================================== 
TRY TO RELEASE: ENTER 
SUCCESFULLY RELEASED: ENTER 
================================== 
TRY TO PRESS: J 
SUCCESFULLY PRESSED: J 
TRY TO PRESS: O 
SUCCESFULLY PRESSED: O 
TRY TO PRESS: P 
SUCCESFULLY PRESSED: P 
TRY TO PRESS: A 
SUCCESFULLY PRESSED: A 
TRY TO PRESS: ENTER 
SUCCESFULLY PRESSED: ENTER 
TRY TO RELEASE: J 
SUCCESFULLY RELEASED: J 
================================== 
TRY TO RELEASE: O 
SUCCESFULLY RELEASED: O 
================================== 
TRY TO RELEASE: P 
SUCCESFULLY RELEASED: P 
================================== 
TRY TO RELEASE: A 
SUCCESFULLY RELEASED: A 
================================== 
TRY TO RELEASE: ENTER 
SUCCESFULLY RELEASED: ENTER 
================================== 
TRY TO PRESS: J 
SUCCESFULLY PRESSED: J 
TRY TO PRESS: O 
SUCCESFULLY PRESSED: O 
TRY TO PRESS: P 
SUCCESFULLY PRESSED: P 
TRY TO PRESS: A 
SUCCESFULLY PRESSED: A 
TRY TO PRESS: ENTER 
SUCCESFULLY PRESSED: ENTER 
TRY TO RELEASE: J 
SUCCESFULLY RELEASED: J 
================================== 
TRY TO RELEASE: O 
SUCCESFULLY RELEASED: O 
================================== 
TRY TO RELEASE: P 
SUCCESFULLY RELEASED: P 
================================== 
TRY TO RELEASE: A 
SUCCESFULLY RELEASED: A 
================================== 
TRY TO RELEASE: ENTER 
SUCCESFULLY RELEASED: ENTER 
================================== 
TRY TO PRESS: O 
SUCCESFULLY PRESSED: O 
TRY TO PRESS: C 
SUCCESFULLY PRESSED: C 
TRY TO PRESS: H 
SUCCESFULLY PRESSED: H 
TRY TO PRESS: K 
SUCCESFULLY PRESSED: K 
TRY TO PRESS: O 
SUCCESFULLY PRESSED: O 
TRY TO PRESS: ENTER 
SUCCESFULLY PRESSED: ENTER 
TRY TO RELEASE: O 
SUCCESFULLY RELEASED: O 
================================== 
TRY TO RELEASE: C 
SUCCESFULLY RELEASED: C 
================================== 
TRY TO RELEASE: H 
SUCCESFULLY RELEASED: H 
================================== 
TRY TO RELEASE: K 
SUCCESFULLY RELEASED: K 
================================== 
TRY TO RELEASE: O 
SUCCESFULLY RELEASED: O 
================================== 
TRY TO RELEASE: ENTER 
SUCCESFULLY RELEASED: ENTER 
================================== 
TRY TO PRESS: S 
SUCCESFULLY PRESSED: S 
TRY TO PRESS: U 
SUCCESFULLY PRESSED: U 
TRY TO PRESS: K 
SUCCESFULLY PRESSED: K 
TRY TO PRESS: A 
SUCCESFULLY PRESSED: A 
TRY TO PRESS: ENTER 
SUCCESFULLY PRESSED: ENTER 
TRY TO RELEASE: S 
SUCCESFULLY RELEASED: S 
================================== 
TRY TO RELEASE: U 
SUCCESFULLY RELEASED: U 
================================== 
TRY TO RELEASE: K 
SUCCESFULLY RELEASED: K 
================================== 
TRY TO RELEASE: A 
SUCCESFULLY RELEASED: A 
================================== 
TRY TO RELEASE: ENTER 
SUCCESFULLY RELEASED: ENTER 
================================== 
TRY TO PRESS: S 
SUCCESFULLY PRESSED: S 
TRY TO PRESS: U 
SUCCESFULLY PRESSED: U 
TRY TO PRESS: K 
SUCCESFULLY PRESSED: K 
TRY TO PRESS: A 
SUCCESFULLY PRESSED: A 
TRY TO PRESS: ENTER 
SUCCESFULLY PRESSED: ENTER 
TRY TO RELEASE: S 
SUCCESFULLY RELEASED: S 
================================== 
TRY TO RELEASE: U 
SUCCESFULLY RELEASED: U 
================================== 
TRY TO RELEASE: K 
SUCCESFULLY RELEASED: K 
================================== 
TRY TO RELEASE: A 
SUCCESFULLY RELEASED: A 
================================== 
TRY TO RELEASE: ENTER 
SUCCESFULLY RELEASED: ENTER 
================================== 
TRY TO PRESS: J 
SUCCESFULLY PRESSED: J 
TRY TO PRESS: O 
SUCCESFULLY PRESSED: O 
TRY TO PRESS: P 
SUCCESFULLY PRESSED: P 
TRY TO PRESS: A 
SUCCESFULLY PRESSED: A 
TRY TO PRESS: ENTER 
SUCCESFULLY PRESSED: ENTER 
TRY TO RELEASE: J 
SUCCESFULLY RELEASED: J 
================================== 
TRY TO RELEASE: O 
SUCCESFULLY RELEASED: O 
================================== 
TRY TO RELEASE: P 
SUCCESFULLY RELEASED: P 
================================== 
TRY TO RELEASE: A 
SUCCESFULLY RELEASED: A 
================================== 
TRY TO RELEASE: ENTER 
SUCCESFULLY RELEASED: ENTER 
================================== 
TRY TO PRESS: K 
SUCCESFULLY PRESSED: K 
TRY TO PRESS: A 
SUCCESFULLY PRESSED: A 
TRY TO PRESS: L 
SUCCESFULLY PRESSED: L 
TRY TO PRESS: ENTER 
SUCCESFULLY PRESSED: ENTER 
TRY TO RELEASE: K 
SUCCESFULLY RELEASED: K 
================================== 
TRY TO RELEASE: A 
SUCCESFULLY RELEASED: A 
================================== 
TRY TO RELEASE: L 
SUCCESFULLY RELEASED: L 
================================== 
TRY TO RELEASE: ENTER 
SUCCESFULLY RELEASED: ENTER 
================================== 
TRY TO PRESS: J 
SUCCESFULLY PRESSED: J 
TRY TO PRESS: O 
SUCCESFULLY PRESSED: O 
TRY TO PRESS: P 
SUCCESFULLY PRESSED: P 
TRY TO PRESS: A 
SUCCESFULLY PRESSED: A 
TRY TO PRESS: ENTER 
SUCCESFULLY PRESSED: ENTER 
TRY TO RELEASE: J 
SUCCESFULLY RELEASED: J 
================================== 
TRY TO RELEASE: O 
SUCCESFULLY RELEASED: O 
================================== 
TRY TO RELEASE: P 
SUCCESFULLY RELEASED: P 
================================== 
TRY TO RELEASE: A 
SUCCESFULLY RELEASED: A 
================================== 
TRY TO RELEASE: ENTER 
SUCCESFULLY RELEASED: ENTER 
================================== 
TRY TO PRESS: O 
SUCCESFULLY PRESSED: O 
TRY TO PRESS: C 
SUCCESFULLY PRESSED: C 
TRY TO PRESS: H 
SUCCESFULLY PRESSED: H 
TRY TO PRESS: K 
SUCCESFULLY PRESSED: K 
TRY TO PRESS: O 
SUCCESFULLY PRESSED: O 
TRY TO PRESS: ENTER 
SUCCESFULLY PRESSED: ENTER 
TRY TO RELEASE: O 
SUCCESFULLY RELEASED: O 
================================== 
TRY TO RELEASE: C 
SUCCESFULLY RELEASED: C 
================================== 
TRY TO RELEASE: H 
SUCCESFULLY RELEASED: H 
================================== 
TRY TO RELEASE: K 
SUCCESFULLY RELEASED: K 
================================== 
TRY TO RELEASE: O 
SUCCESFULLY RELEASED: O 
================================== 
TRY TO RELEASE: ENTER 
SUCCESFULLY RELEASED: ENTER 
================================== 
TRY TO PRESS: J 
SUCCESFULLY PRESSED: J 
TRY TO PRESS: O 
SUCCESFULLY PRESSED: O 
TRY TO PRESS: P 
SUCCESFULLY PRESSED: P 
TRY TO PRESS: A 
SUCCESFULLY PRESSED: A 
TRY TO PRESS: ENTER 
SUCCESFULLY PRESSED: ENTER 
TRY TO RELEASE: J 
SUCCESFULLY RELEASED: J 
================================== 
TRY TO RELEASE: O 
SUCCESFULLY RELEASED: O 
================================== 
TRY TO RELEASE: P 
SUCCESFULLY RELEASED: P 
================================== 
TRY TO RELEASE: A 
SUCCESFULLY RELEASED: A 
================================== 
TRY TO RELEASE: ENTER 
SUCCESFULLY RELEASED: ENTER 
================================== 
TRY TO PRESS: S 
SUCCESFULLY PRESSED: S 
TRY TO PRESS: U 
SUCCESFULLY PRESSED: U 
TRY TO PRESS: K 
SUCCESFULLY PRESSED: K 
TRY TO PRESS: A 
SUCCESFULLY PRESSED: A 
TRY TO PRESS: ENTER 
SUCCESFULLY PRESSED: ENTER 
TRY TO RELEASE: S 
SUCCESFULLY RELEASED: S 
================================== 
TRY TO RELEASE: U 
SUCCESFULLY RELEASED: U 
================================== 
TRY TO RELEASE: K 
SUCCESFULLY RELEASED: K 
================================== 
TRY TO RELEASE: A 
SUCCESFULLY RELEASED: A 
================================== 
TRY TO RELEASE: ENTER 
SUCCESFULLY RELEASED: ENTER 
================================== 
TRY TO PRESS: J 
SUCCESFULLY PRESSED: J 
TRY TO PRESS: O 
SUCCESFULLY PRESSED: O 
TRY TO PRESS: P 
SUCCESFULLY PRESSED: P 
TRY TO PRESS: A 
SUCCESFULLY PRESSED: A 
TRY TO PRESS: ENTER 
SUCCESFULLY PRESSED: ENTER 
TRY TO RELEASE: J 
SUCCESFULLY RELEASED: J 
================================== 
TRY TO RELEASE: O 
SUCCESFULLY RELEASED: O 
================================== 
TRY TO RELEASE: P 
SUCCESFULLY RELEASED: P 
================================== 
TRY TO RELEASE: A 
SUCCESFULLY RELEASED: A 
================================== 
TRY TO RELEASE: ENTER 
SUCCESFULLY RELEASED: ENTER 
================================== 
TRY TO PRESS: O 
SUCCESFULLY PRESSED: O 
TRY TO PRESS: C 
SUCCESFULLY PRESSED: C 
TRY TO PRESS: H 
SUCCESFULLY PRESSED: H 
TRY TO PRESS: K 
SUCCESFULLY PRESSED: K 
TRY TO PRESS: O 
SUCCESFULLY PRESSED: O 
TRY TO PRESS: ENTER 
SUCCESFULLY PRESSED: ENTER 
TRY TO RELEASE: O 
SUCCESFULLY RELEASED: O 
================================== 
TRY TO RELEASE: C 
SUCCESFULLY RELEASED: C 
================================== 
TRY TO RELEASE: H 
SUCCESFULLY RELEASED: H 
================================== 
TRY TO RELEASE: K 
SUCCESFULLY RELEASED: K 
================================== 
TRY TO RELEASE: O 
SUCCESFULLY RELEASED: O 
================================== 
TRY TO RELEASE: ENTER 
SUCCESFULLY RELEASED: ENTER 
================================== 
TRY TO PRESS: J 
SUCCESFULLY PRESSED: J 
TRY TO PRESS: O 
SUCCESFULLY PRESSED: O 
TRY TO PRESS: P 
SUCCESFULLY PRESSED: P 
TRY TO PRESS: A 
SUCCESFULLY PRESSED: A 
TRY TO PRESS: ENTER 
SUCCESFULLY PRESSED: ENTER 
TRY TO RELEASE: J 
SUCCESFULLY RELEASED: J 
================================== 
TRY TO RELEASE: O 
SUCCESFULLY RELEASED: O 
================================== 
TRY TO RELEASE: P 
SUCCESFULLY RELEASED: P 
================================== 
TRY TO RELEASE: A 
SUCCESFULLY RELEASED: A 
================================== 
TRY TO RELEASE: ENTER 
SUCCESFULLY RELEASED: ENTER 
================================== 
TRY TO PRESS: J 
SUCCESFULLY PRESSED: J 
TRY TO PRESS: O 
SUCCESFULLY PRESSED: O 
TRY TO PRESS: P 
SUCCESFULLY PRESSED: P 
TRY TO PRESS: A 
SUCCESFULLY PRESSED: A 
TRY TO PRESS: ENTER 
SUCCESFULLY PRESSED: ENTER 
TRY TO RELEASE: J 
SUCCESFULLY RELEASED: J 
================================== 
TRY TO RELEASE: O 
SUCCESFULLY RELEASED: O 
================================== 
TRY TO RELEASE: P 
SUCCESFULLY RELEASED: P 
================================== 
TRY TO RELEASE: A 
SUCCESFULLY RELEASED: A 
================================== 
TRY TO RELEASE: ENTER 
SUCCESFULLY RELEASED: ENTER 
================================== 
TRY TO PRESS: K 
SUCCESFULLY PRESSED: K 
TRY TO PRESS: A 
SUCCESFULLY PRESSED: A 
TRY TO PRESS: L 
SUCCESFULLY PRESSED: L 
TRY TO PRESS: ENTER 
SUCCESFULLY PRESSED: ENTER 
TRY TO RELEASE: K 
SUCCESFULLY RELEASED: K 
================================== 
TRY TO RELEASE: A 
SUCCESFULLY RELEASED: A 
================================== 
TRY TO RELEASE: L 
SUCCESFULLY RELEASED: L 
================================== 
TRY TO RELEASE: ENTER 
SUCCESFULLY RELEASED: ENTER 
================================== 
TRY TO PRESS: S 
SUCCESFULLY PRESSED: S 
TRY TO PRESS: U 
SUCCESFULLY PRESSED: U 
TRY TO PRESS: K 
SUCCESFULLY PRESSED: K 
TRY TO PRESS: A 
SUCCESFULLY PRESSED: A 
TRY TO PRESS: ENTER 
SUCCESFULLY PRESSED: ENTER 
TRY TO RELEASE: S 
SUCCESFULLY RELEASED: S 
================================== 
TRY TO RELEASE: U 
SUCCESFULLY RELEASED: U 
================================== 
TRY TO RELEASE: K 
SUCCESFULLY RELEASED: K 
================================== 
TRY TO RELEASE: A 
SUCCESFULLY RELEASED: A 
================================== 
TRY TO RELEASE: ENTER 
SUCCESFULLY RELEASED: ENTER 
================================== 
TRY TO PRESS: J 
SUCCESFULLY PRESSED: J 
TRY TO PRESS: O 
SUCCESFULLY PRESSED: O 
TRY TO PRESS: P 
SUCCESFULLY PRESSED: P 
TRY TO PRESS: A 
SUCCESFULLY PRESSED: A 
TRY TO PRESS: ENTER 
SUCCESFULLY PRESSED: ENTER 
TRY TO RELEASE: J 
SUCCESFULLY RELEASED: J 
================================== 
TRY TO RELEASE: O 
SUCCESFULLY RELEASED: O 
================================== 
TRY TO RELEASE: P 
SUCCESFULLY RELEASED: P 
================================== 
TRY TO RELEASE: A 
SUCCESFULLY RELEASED: A 
================================== 
TRY TO RELEASE: ENTER 
SUCCESFULLY RELEASED: ENTER 
================================== 
TRY TO PRESS: S 
SUCCESFULLY PRESSED: S 
TRY TO PRESS: U 
SUCCESFULLY PRESSED: U 
TRY TO PRESS: K 
SUCCESFULLY PRESSED: K 
TRY TO PRESS: A 
SUCCESFULLY PRESSED: A 
TRY TO PRESS: ENTER 
SUCCESFULLY PRESSED: ENTER 
TRY TO RELEASE: S 
SUCCESFULLY RELEASED: S 
================================== 
TRY TO RELEASE: U 
SUCCESFULLY RELEASED: U 
================================== 
TRY TO RELEASE: K 
SUCCESFULLY RELEASED: K 
================================== 
TRY TO RELEASE: A 
SUCCESFULLY RELEASED: A 
================================== 
TRY TO RELEASE: ENTER 
SUCCESFULLY RELEASED: ENTER 
================================== 
TRY TO PRESS: K 
SUCCESFULLY PRESSED: K 
TRY TO PRESS: A 
SUCCESFULLY PRESSED: A 
TRY TO PRESS: L 
SUCCESFULLY PRESSED: L 
TRY TO PRESS: ENTER 
SUCCESFULLY PRESSED: ENTER 
TRY TO RELEASE: K 
SUCCESFULLY RELEASED: K 
================================== 
TRY TO RELEASE: A 
SUCCESFULLY RELEASED: A 
================================== 
TRY TO RELEASE: L 
SUCCESFULLY RELEASED: L 
================================== 
TRY TO RELEASE: ENTER 
SUCCESFULLY RELEASED: ENTER 
================================== 
TRY TO PRESS: J 
SUCCESFULLY PRESSED: J 
TRY TO PRESS: O 
SUCCESFULLY PRESSED: O 
TRY TO PRESS: P 
SUCCESFULLY PRESSED: P 
TRY TO PRESS: A 
SUCCESFULLY PRESSED: A 
TRY TO PRESS: ENTER 
SUCCESFULLY PRESSED: ENTER 
TRY TO RELEASE: J 
SUCCESFULLY RELEASED: J 
================================== 
TRY TO RELEASE: O 
SUCCESFULLY RELEASED: O 
================================== 
TRY TO RELEASE: P 
SUCCESFULLY RELEASED: P 
================================== 
TRY TO RELEASE: A 
SUCCESFULLY RELEASED: A 
================================== 
TRY TO RELEASE: ENTER 
SUCCESFULLY RELEASED: ENTER 
================================== 
TRY TO PRESS: K 
SUCCESFULLY PRESSED: K 
TRY TO PRESS: A 
SUCCESFULLY PRESSED: A 
TRY TO PRESS: L 
SUCCESFULLY PRESSED: L 
TRY TO PRESS: ENTER 
SUCCESFULLY PRESSED: ENTER 
TRY TO RELEASE: K 
SUCCESFULLY RELEASED: K 
================================== 
TRY TO RELEASE: A 
SUCCESFULLY RELEASED: A 
================================== 
TRY TO RELEASE: L 
SUCCESFULLY RELEASED: L 
================================== 
TRY TO RELEASE: ENTER 
SUCCESFULLY RELEASED: ENTER 
================================== 
TRY TO PRESS: S 
SUCCESFULLY PRESSED: S 
TRY TO PRESS: U 
SUCCESFULLY PRESSED: U 
TRY TO PRESS: K 
SUCCESFULLY PRESSED: K 
TRY TO PRESS: A 
SUCCESFULLY PRESSED: A 
TRY TO PRESS: ENTER 
SUCCESFULLY PRESSED: ENTER 
TRY TO RELEASE: S 
SUCCESFULLY RELEASED: S 
================================== 
TRY TO RELEASE: U 
SUCCESFULLY RELEASED: U 
================================== 
TRY TO RELEASE: K 
SUCCESFULLY RELEASED: K 
================================== 
TRY TO RELEASE: A 
SUCCESFULLY RELEASED: A 
================================== 
TRY TO RELEASE: ENTER 
SUCCESFULLY RELEASED: ENTER 
================================== 
TRY TO PRESS: S 
SUCCESFULLY PRESSED: S 
TRY TO PRESS: U 
SUCCESFULLY PRESSED: U 
TRY TO PRESS: K 
SUCCESFULLY PRESSED: K 
TRY TO PRESS: A 
SUCCESFULLY PRESSED: A 
TRY TO PRESS: ENTER 
SUCCESFULLY PRESSED: ENTER 
TRY TO RELEASE: S 
SUCCESFULLY RELEASED: S 
================================== 
TRY TO RELEASE: U 
SUCCESFULLY RELEASED: U 
================================== 
TRY TO RELEASE: K 
SUCCESFULLY RELEASED: K 
================================== 
TRY TO RELEASE: A 
SUCCESFULLY RELEASED: A 
================================== 
TRY TO RELEASE: ENTER 
SUCCESFULLY RELEASED: ENTER 
================================== 
TRY TO PRESS: O 
SUCCESFULLY PRESSED: O 
TRY TO PRESS: C 
SUCCESFULLY PRESSED: C 
TRY TO PRESS: H 
SUCCESFULLY PRESSED: H 
TRY TO PRESS: K 
SUCCESFULLY PRESSED: K 
TRY TO PRESS: O 
SUCCESFULLY PRESSED: O 
TRY TO PRESS: ENTER 
SUCCESFULLY PRESSED: ENTER 
TRY TO RELEASE: O 
SUCCESFULLY RELEASED: O 
================================== 
TRY TO RELEASE: C 
SUCCESFULLY RELEASED: C 
================================== 
TRY TO RELEASE: H 
SUCCESFULLY RELEASED: H 
================================== 
TRY TO RELEASE: K 
SUCCESFULLY RELEASED: K 
================================== 
TRY TO RELEASE: O 
SUCCESFULLY RELEASED: O 
================================== 
TRY TO RELEASE: ENTER 
SUCCESFULLY RELEASED: ENTER 
================================== 
TRY TO PRESS: S 
SUCCESFULLY PRESSED: S 
TRY TO PRESS: U 
SUCCESFULLY PRESSED: U 
TRY TO PRESS: K 
SUCCESFULLY PRESSED: K 
TRY TO PRESS: A 
SUCCESFULLY PRESSED: A 
TRY TO PRESS: ENTER 
SUCCESFULLY PRESSED: ENTER 
TRY TO RELEASE: S 
SUCCESFULLY RELEASED: S 
================================== 
TRY TO RELEASE: U 
SUCCESFULLY RELEASED: U 
================================== 
TRY TO RELEASE: K 
SUCCESFULLY RELEASED: K 
================================== 
TRY TO RELEASE: A 
SUCCESFULLY RELEASED: A 
================================== 
TRY TO RELEASE: ENTER 
SUCCESFULLY RELEASED: ENTER 
================================== 
TRY TO PRESS: J 
SUCCESFULLY PRESSED: J 
TRY TO PRESS: O 
SUCCESFULLY PRESSED: O 
TRY TO PRESS: P 
SUCCESFULLY PRESSED: P 
TRY TO PRESS: A 
SUCCESFULLY PRESSED: A 
TRY TO PRESS: ENTER 
SUCCESFULLY PRESSED: ENTER 
TRY TO RELEASE: J 
SUCCESFULLY RELEASED: J 
================================== 
TRY TO RELEASE: O 
SUCCESFULLY RELEASED: O 
================================== 
TRY TO RELEASE: P 
SUCCESFULLY RELEASED: P 
================================== 
TRY TO RELEASE: A 
SUCCESFULLY RELEASED: A 
================================== 
TRY TO RELEASE: ENTER 
SUCCESFULLY RELEASED: ENTER 
================================== 
TRY TO PRESS: S 
SUCCESFULLY PRESSED: S 
TRY TO PRESS: U 
SUCCESFULLY PRESSED: U 
TRY TO PRESS: K 
SUCCESFULLY PRESSED: K 
TRY TO PRESS: A 
SUCCESFULLY PRESSED: A 
TRY TO PRESS: ENTER 
SUCCESFULLY PRESSED: ENTER 
TRY TO RELEASE: S 
SUCCESFULLY RELEASED: S 
================================== 
TRY TO RELEASE: U 
SUCCESFULLY RELEASED: U 
================================== 
TRY TO RELEASE: K 
SUCCESFULLY RELEASED: K 
================================== 
TRY TO RELEASE: A 
SUCCESFULLY RELEASED: A 
================================== 
TRY TO RELEASE: ENTER 
SUCCESFULLY RELEASED: ENTER 
================================== 
TRY TO PRESS: O 
SUCCESFULLY PRESSED: O 
TRY TO PRESS: C 
SUCCESFULLY PRESSED: C 
TRY TO PRESS: H 
SUCCESFULLY PRESSED: H 
TRY TO PRESS: K 
SUCCESFULLY PRESSED: K 
TRY TO PRESS: O 
SUCCESFULLY PRESSED: O 
TRY TO PRESS: ENTER 
SUCCESFULLY PRESSED: ENTER 
TRY TO RELEASE: O 
SUCCESFULLY RELEASED: O 
================================== 
TRY TO RELEASE: C 
SUCCESFULLY RELEASED: C 
================================== 
TRY TO RELEASE: H 
SUCCESFULLY RELEASED: H 
================================== 
TRY TO RELEASE: K 
SUCCESFULLY RELEASED: K 
================================== 
TRY TO RELEASE: O 
SUCCESFULLY RELEASED: O 
================================== 
TRY TO RELEASE: ENTER 
SUCCESFULLY RELEASED: ENTER 
================================== 
TRY TO PRESS: O 
SUCCESFULLY PRESSED: O 
TRY TO PRESS: C 
SUCCESFULLY PRESSED: C 
TRY TO PRESS: H 
SUCCESFULLY PRESSED: H 
TRY TO PRESS: K 
SUCCESFULLY PRESSED: K 
TRY TO PRESS: O 
SUCCESFULLY PRESSED: O 
TRY TO PRESS: ENTER 
SUCCESFULLY PRESSED: ENTER 
TRY TO RELEASE: O 
SUCCESFULLY RELEASED: O 
================================== 
TRY TO RELEASE: C 
SUCCESFULLY RELEASED: C 
================================== 
TRY TO RELEASE: H 
SUCCESFULLY RELEASED: H 
================================== 
TRY TO RELEASE: K 
SUCCESFULLY RELEASED: K 
================================== 
TRY TO RELEASE: O 
SUCCESFULLY RELEASED: O 
================================== 
TRY TO RELEASE: ENTER 
SUCCESFULLY RELEASED: ENTER 
================================== 
TRY TO PRESS: O 
SUCCESFULLY PRESSED: O 
TRY TO PRESS: C 
SUCCESFULLY PRESSED: C 
TRY TO PRESS: H 
SUCCESFULLY PRESSED: H 
TRY TO PRESS: K 
SUCCESFULLY PRESSED: K 
TRY TO PRESS: O 
SUCCESFULLY PRESSED: O 
TRY TO PRESS: ENTER 
SUCCESFULLY PRESSED: ENTER 
TRY TO RELEASE: O 
SUCCESFULLY RELEASED: O 
================================== 
TRY TO RELEASE: C 
SUCCESFULLY RELEASED: C 
================================== 
TRY TO RELEASE: H 
SUCCESFULLY RELEASED: H 
================================== 
TRY TO RELEASE: K 
SUCCESFULLY RELEASED: K 
================================== 
TRY TO RELEASE: O 
SUCCESFULLY RELEASED: O 
================================== 
TRY TO RELEASE: ENTER 
SUCCESFULLY RELEASED: ENTER 
================================== 
TRY TO PRESS: O 
SUCCESFULLY PRESSED: O 
TRY TO PRESS: C 
SUCCESFULLY PRESSED: C 
TRY TO PRESS: H 
SUCCESFULLY PRESSED: H 
TRY TO PRESS: K 
SUCCESFULLY PRESSED: K 
TRY TO PRESS: O 
SUCCESFULLY PRESSED: O 
TRY TO PRESS: ENTER 
SUCCESFULLY PRESSED: ENTER 
TRY TO RELEASE: O 
SUCCESFULLY RELEASED: O 
================================== 
TRY TO RELEASE: C 
SUCCESFULLY RELEASED: C 
================================== 
TRY TO RELEASE: H 
SUCCESFULLY RELEASED: H 
================================== 
TRY TO RELEASE: K 
SUCCESFULLY RELEASED: K 
================================== 
TRY TO RELEASE: O 
SUCCESFULLY RELEASED: O 
================================== 
TRY TO RELEASE: ENTER 
SUCCESFULLY RELEASED: ENTER 
================================== 
TRY TO PRESS: S 
SUCCESFULLY PRESSED: S 
TRY TO PRESS: U 
SUCCESFULLY PRESSED: U 
TRY TO PRESS: K 
SUCCESFULLY PRESSED: K 
TRY TO PRESS: A 
SUCCESFULLY PRESSED: A 
TRY TO PRESS: ENTER 
SUCCESFULLY PRESSED: ENTER 
TRY TO RELEASE: S 
SUCCESFULLY RELEASED: S 
================================== 
TRY TO RELEASE: U 
SUCCESFULLY RELEASED: U 
================================== 
TRY TO RELEASE: K 
SUCCESFULLY RELEASED: K 
================================== 
TRY TO RELEASE: A 
SUCCESFULLY RELEASED: A 
================================== 
TRY TO RELEASE: ENTER 
SUCCESFULLY RELEASED: ENTER 
================================== 
TRY TO PRESS: K 
SUCCESFULLY PRESSED: K 
TRY TO PRESS: A 
SUCCESFULLY PRESSED: A 
TRY TO PRESS: L 
SUCCESFULLY PRESSED: L 
TRY TO PRESS: ENTER 
SUCCESFULLY PRESSED: ENTER 
TRY TO RELEASE: K 
SUCCESFULLY RELEASED: K 
================================== 
TRY TO RELEASE: A 
SUCCESFULLY RELEASED: A 
================================== 
TRY TO RELEASE: L 
SUCCESFULLY RELEASED: L 
================================== 
TRY TO RELEASE: ENTER 
SUCCESFULLY RELEASED: ENTER 
================================== 
TRY TO PRESS: S 
SUCCESFULLY PRESSED: S 
TRY TO PRESS: U 
SUCCESFULLY PRESSED: U 
TRY TO PRESS: K 
SUCCESFULLY PRESSED: K 
TRY TO PRESS: A 
SUCCESFULLY PRESSED: A 
TRY TO PRESS: ENTER 
SUCCESFULLY PRESSED: ENTER 
TRY TO RELEASE: S 
SUCCESFULLY RELEASED: S 
================================== 
TRY TO RELEASE: U 
SUCCESFULLY RELEASED: U 
================================== 
TRY TO RELEASE: K 
SUCCESFULLY RELEASED: K 
================================== 
TRY TO RELEASE: A 
SUCCESFULLY RELEASED: A 
================================== 
TRY TO RELEASE: ENTER 
SUCCESFULLY RELEASED: ENTER 
================================== 
TRY TO PRESS: K 
SUCCESFULLY PRESSED: K 
TRY TO PRESS: A 
SUCCESFULLY PRESSED: A 
TRY TO PRESS: L 
SUCCESFULLY PRESSED: L 
TRY TO PRESS: ENTER 
SUCCESFULLY PRESSED: ENTER 
TRY TO RELEASE: K 
SUCCESFULLY RELEASED: K 
================================== 
TRY TO RELEASE: A 
SUCCESFULLY RELEASED: A 
================================== 
TRY TO RELEASE: L 
SUCCESFULLY RELEASED: L 
================================== 
TRY TO RELEASE: ENTER 
SUCCESFULLY RELEASED: ENTER 
================================== 
TRY TO PRESS: S 
SUCCESFULLY PRESSED: S 
TRY TO PRESS: U 
SUCCESFULLY PRESSED: U 
TRY TO PRESS: K 
SUCCESFULLY PRESSED: K 
TRY TO PRESS: A 
SUCCESFULLY PRESSED: A 
TRY TO PRESS: ENTER 
SUCCESFULLY PRESSED: ENTER 
TRY TO RELEASE: S 
SUCCESFULLY RELEASED: S 
================================== 
TRY TO RELEASE: U 
SUCCESFULLY RELEASED: U 
================================== 
TRY TO RELEASE: K 
SUCCESFULLY RELEASED: K 
================================== 
TRY TO RELEASE: A 
SUCCESFULLY RELEASED: A 
================================== 
TRY TO RELEASE: ENTER 
SUCCESFULLY RELEASED: ENTER 
================================== 
TRY TO PRESS: O 
SUCCESFULLY PRESSED: O 
TRY TO PRESS: C 
SUCCESFULLY PRESSED: C 
TRY TO PRESS: H 
SUCCESFULLY PRESSED: H 
TRY TO PRESS: K 
SUCCESFULLY PRESSED: K 
TRY TO PRESS: O 
SUCCESFULLY PRESSED: O 
TRY TO PRESS: ENTER 
SUCCESFULLY PRESSED: ENTER 
TRY TO RELEASE: O 
SUCCESFULLY RELEASED: O 
================================== 
TRY TO RELEASE: C 
SUCCESFULLY RELEASED: C 
================================== 
TRY TO RELEASE: H 
SUCCESFULLY RELEASED: H 
================================== 
TRY TO RELEASE: K 
SUCCESFULLY RELEASED: K 
================================== 
TRY TO RELEASE: O 
SUCCESFULLY RELEASED: O 
================================== 
TRY TO RELEASE: ENTER 
SUCCESFULLY RELEASED: ENTER 
================================== 
TRY TO PRESS: O 
SUCCESFULLY PRESSED: O 
TRY TO PRESS: C 
SUCCESFULLY PRESSED: C 
TRY TO PRESS: H 
SUCCESFULLY PRESSED: H 
TRY TO PRESS: K 
SUCCESFULLY PRESSED: K 
TRY TO PRESS: O 
SUCCESFULLY PRESSED: O 
TRY TO PRESS: ENTER 
SUCCESFULLY PRESSED: ENTER 
TRY TO RELEASE: O 
SUCCESFULLY RELEASED: O 
================================== 
TRY TO RELEASE: C 
SUCCESFULLY RELEASED: C 
================================== 
TRY TO RELEASE: H 
SUCCESFULLY RELEASED: H 
================================== 
TRY TO RELEASE: K 
SUCCESFULLY RELEASED: K 
================================== 
TRY TO RELEASE: O 
SUCCESFULLY RELEASED: O 
================================== 
TRY TO RELEASE: ENTER 
SUCCESFULLY RELEASED: ENTER 
================================== 
TRY TO PRESS: O 
SUCCESFULLY PRESSED: O 
TRY TO PRESS: C 
SUCCESFULLY PRESSED: C 
TRY TO PRESS: H 
SUCCESFULLY PRESSED: H 
TRY TO PRESS: K 
SUCCESFULLY PRESSED: K 
TRY TO PRESS: O 
SUCCESFULLY PRESSED: O 
TRY TO PRESS: ENTER 
SUCCESFULLY PRESSED: ENTER 
TRY TO RELEASE: O 
SUCCESFULLY RELEASED: O 
================================== 
TRY TO RELEASE: C 
SUCCESFULLY RELEASED: C 
================================== 
TRY TO RELEASE: H 
SUCCESFULLY RELEASED: H 
================================== 
TRY TO RELEASE: K 
SUCCESFULLY RELEASED: K 
================================== 
TRY TO RELEASE: O 
SUCCESFULLY RELEASED: O 
================================== 
TRY TO RELEASE: ENTER 
SUCCESFULLY RELEASED: ENTER 
================================== 
TRY TO PRESS: S 
TRY TO PRESS: U 
TRY TO PRESS: K 
TRY TO PRESS: A 
TRY TO PRESS: ENTER 
TRY TO RELEASE: S 
SUCCESFULLY RELEASED: S 
================================== 
TRY TO RELEASE: U 
SUCCESFULLY RELEASED: U 
================================== 
TRY TO RELEASE: K 
SUCCESFULLY RELEASED: K 
================================== 
TRY TO RELEASE: A 
SUCCESFULLY RELEASED: A 
================================== 
TRY TO RELEASE: ENTER 
SUCCESFULLY RELEASED: ENTER 
================================== 
TRY TO PRESS: S 
TRY TO PRESS: U 
TRY TO PRESS: K 
TRY TO PRESS: A 
TRY TO PRESS: ENTER 
SUCCESFULLY PRESSED: ENTER 
TRY TO RELEASE: S 
SUCCESFULLY RELEASED: S 
================================== 
TRY TO RELEASE: U 
SUCCESFULLY RELEASED: U 
================================== 
TRY TO RELEASE: K 
SUCCESFULLY RELEASED: K 
================================== 
TRY TO RELEASE: A 
SUCCESFULLY RELEASED: A 
================================== 
TRY TO RELEASE: ENTER 
SUCCESFULLY RELEASED: ENTER 
================================== 
TRY TO PRESS: S 
TRY TO PRESS: U 
TRY TO PRESS: K 
TRY TO PRESS: A 
TRY TO PRESS: ENTER 
TRY TO RELEASE: S 
SUCCESFULLY RELEASED: S 
================================== 
TRY TO RELEASE: U 
SUCCESFULLY RELEASED: U 
================================== 
TRY TO RELEASE: K 
SUCCESFULLY RELEASED: K 
================================== 
TRY TO RELEASE: A 
SUCCESFULLY RELEASED: A 
================================== 
TRY TO RELEASE: ENTER 
SUCCESFULLY RELEASED: ENTER 
================================== 
TRY TO PRESS: O 
SUCCESFULLY PRESSED: O 
TRY TO PRESS: C 
SUCCESFULLY PRESSED: C 
TRY TO PRESS: H 
SUCCESFULLY PRESSED: H 
TRY TO PRESS: K 
SUCCESFULLY PRESSED: K 
TRY TO PRESS: O 
SUCCESFULLY PRESSED: O 
TRY TO PRESS: ENTER 
SUCCESFULLY PRESSED: ENTER 
TRY TO RELEASE: O 
SUCCESFULLY RELEASED: O 
================================== 
TRY TO RELEASE: C 
SUCCESFULLY RELEASED: C 
================================== 
TRY TO RELEASE: H 
SUCCESFULLY RELEASED: H 
================================== 
TRY TO RELEASE: K 
SUCCESFULLY RELEASED: K 
================================== 
TRY TO RELEASE: O 
SUCCESFULLY RELEASED: O 
================================== 
TRY TO RELEASE: ENTER 
SUCCESFULLY RELEASED: ENTER 
================================== 
TRY TO PRESS: J 
SUCCESFULLY PRESSED: J 
TRY TO PRESS: O 
SUCCESFULLY PRESSED: O 
TRY TO PRESS: P 
SUCCESFULLY PRESSED: P 
TRY TO PRESS: A 
SUCCESFULLY PRESSED: A 
